<?xml version="1.0" encoding="UTF-8"?>
<testsuite xmlns:xsi="http://www.w3.org/2001/XMLSchema-instance" xsi:noNamespaceSchemaLocation="https://maven.apache.org/surefire/maven-surefire-plugin/xsd/surefire-test-report-3.0.xsd" version="3.0" name="example.SnakeTest" time="0.036" tests="10" errors="0" skipped="0" failures="0">
  <properties>
    <property name="java.specification.version" value="21"/>
    <property name="javafx.runtime.version" value="21.0.1+6"/>
    <property name="sun.cpu.isalist" value="amd64"/>
    <property name="sun.jnu.encoding" value="Cp1252"/>
    <property name="sun.awt.enableExtraMouseButtons" value="true"/>
    <property name="java.class.path" value="C:\Users\Carolina Lee\OneDrive\Documents\Programming\IntelliJ\CW1Setup\target\test-classes;C:\Users\Carolina Lee\OneDrive\Documents\Programming\IntelliJ\CW1Setup\target\classes;C:\Users\Carolina Lee\.m2\repository\com\opencsv\opencsv\5.9\opencsv-5.9.jar;C:\Users\Carolina Lee\.m2\repository\org\apache\commons\commons-lang3\3.13.0\commons-lang3-3.13.0.jar;C:\Users\Carolina Lee\.m2\repository\org\apache\commons\commons-text\1.11.0\commons-text-1.11.0.jar;C:\Users\Carolina Lee\.m2\repository\commons-beanutils\commons-beanutils\1.9.4\commons-beanutils-1.9.4.jar;C:\Users\Carolina Lee\.m2\repository\commons-logging\commons-logging\1.2\commons-logging-1.2.jar;C:\Users\Carolina Lee\.m2\repository\commons-collections\commons-collections\3.2.2\commons-collections-3.2.2.jar;C:\Users\Carolina Lee\.m2\repository\org\apache\commons\commons-collections4\4.4\commons-collections4-4.4.jar;C:\Users\Carolina Lee\.m2\repository\org\junit\jupiter\junit-jupiter-api\5.10.1\junit-jupiter-api-5.10.1.jar;C:\Users\Carolina Lee\.m2\repository\org\opentest4j\opentest4j\1.3.0\opentest4j-1.3.0.jar;C:\Users\Carolina Lee\.m2\repository\org\apiguardian\apiguardian-api\1.1.2\apiguardian-api-1.1.2.jar;C:\Users\Carolina Lee\.m2\repository\org\junit\platform\junit-platform-launcher\1.10.1\junit-platform-launcher-1.10.1.jar;C:\Users\Carolina Lee\.m2\repository\org\junit\platform\junit-platform-engine\1.10.1\junit-platform-engine-1.10.1.jar;C:\Users\Carolina Lee\.m2\repository\org\junit\platform\junit-platform-commons\1.10.1\junit-platform-commons-1.10.1.jar;C:\Users\Carolina Lee\.m2\repository\org\testfx\testfx-junit5\4.0.15-alpha\testfx-junit5-4.0.15-alpha.jar;C:\Users\Carolina Lee\.m2\repository\org\testfx\testfx-core\4.0.15-alpha\testfx-core-4.0.15-alpha.jar;C:\Users\Carolina Lee\.m2\repository\org\hamcrest\hamcrest-core\1.3\hamcrest-core-1.3.jar;C:\Users\Carolina Lee\.m2\repository\org\assertj\assertj-core\3.11.1\assertj-core-3.11.1.jar;C:\Users\Carolina Lee\.m2\repository\javazoom\jlayer\1.0.1\jlayer-1.0.1.jar;C:\Users\Carolina Lee\.m2\repository\org\openjfx\javafx-graphics\21.0.1\javafx-graphics-21.0.1.jar;C:\Users\Carolina Lee\.m2\repository\org\openjfx\javafx-graphics\21.0.1\javafx-graphics-21.0.1-win.jar;C:\Users\Carolina Lee\.m2\repository\org\openjfx\javafx-base\21.0.1\javafx-base-21.0.1.jar;C:\Users\Carolina Lee\.m2\repository\org\openjfx\javafx-base\21.0.1\javafx-base-21.0.1-win.jar;C:\Users\Carolina Lee\.m2\repository\org\openjfx\javafx-controls\21.0.1\javafx-controls-21.0.1.jar;C:\Users\Carolina Lee\.m2\repository\org\openjfx\javafx-controls\21.0.1\javafx-controls-21.0.1-win.jar;C:\Users\Carolina Lee\.m2\repository\org\openjfx\javafx-media\21.0.1\javafx-media-21.0.1.jar;C:\Users\Carolina Lee\.m2\repository\org\openjfx\javafx-media\21.0.1\javafx-media-21.0.1-win.jar;C:\Users\Carolina Lee\.m2\repository\org\openjfx\javafx-fxml\22-ea+16\javafx-fxml-22-ea+16.jar;C:\Users\Carolina Lee\.m2\repository\org\openjfx\javafx-fxml\22-ea+16\javafx-fxml-22-ea+16-win.jar;C:\Users\Carolina Lee\.m2\repository\org\openjfx\javafx-swing\22-ea+16\javafx-swing-22-ea+16.jar;C:\Users\Carolina Lee\.m2\repository\org\openjfx\javafx-swing\22-ea+16\javafx-swing-22-ea+16-win.jar;"/>
    <property name="java.vm.vendor" value="Oracle Corporation"/>
    <property name="sun.arch.data.model" value="64"/>
    <property name="user.variant" value=""/>
    <property name="java.vendor.url" value="https://java.oracle.com/"/>
    <property name="user.timezone" value="Europe/London"/>
    <property name="javafx.version" value="21.0.1"/>
    <property name="os.name" value="Windows 11"/>
    <property name="java.vm.specification.version" value="21"/>
    <property name="sun.java.launcher" value="SUN_STANDARD"/>
    <property name="user.country" value="MY"/>
    <property name="sun.boot.library.path" value="C:\Program Files\Java\jdk-21\bin"/>
    <property name="sun.java.command" value="C:\Users\Carolina Lee\AppData\Local\Temp\surefire13549603568811788260\surefirebooter-20231218111855613_3.jar C:\Users\Carolina Lee\AppData\Local\Temp\surefire13549603568811788260 2023-12-18T11-18-55_435-jvmRun1 surefire-20231218111855613_1tmp surefire_0-20231218111855613_2tmp"/>
    <property name="jdk.debug" value="release"/>
    <property name="surefire.test.class.path" value="C:\Users\Carolina Lee\OneDrive\Documents\Programming\IntelliJ\CW1Setup\target\test-classes;C:\Users\Carolina Lee\OneDrive\Documents\Programming\IntelliJ\CW1Setup\target\classes;C:\Users\Carolina Lee\.m2\repository\com\opencsv\opencsv\5.9\opencsv-5.9.jar;C:\Users\Carolina Lee\.m2\repository\org\apache\commons\commons-lang3\3.13.0\commons-lang3-3.13.0.jar;C:\Users\Carolina Lee\.m2\repository\org\apache\commons\commons-text\1.11.0\commons-text-1.11.0.jar;C:\Users\Carolina Lee\.m2\repository\commons-beanutils\commons-beanutils\1.9.4\commons-beanutils-1.9.4.jar;C:\Users\Carolina Lee\.m2\repository\commons-logging\commons-logging\1.2\commons-logging-1.2.jar;C:\Users\Carolina Lee\.m2\repository\commons-collections\commons-collections\3.2.2\commons-collections-3.2.2.jar;C:\Users\Carolina Lee\.m2\repository\org\apache\commons\commons-collections4\4.4\commons-collections4-4.4.jar;C:\Users\Carolina Lee\.m2\repository\org\junit\jupiter\junit-jupiter-api\5.10.1\junit-jupiter-api-5.10.1.jar;C:\Users\Carolina Lee\.m2\repository\org\opentest4j\opentest4j\1.3.0\opentest4j-1.3.0.jar;C:\Users\Carolina Lee\.m2\repository\org\apiguardian\apiguardian-api\1.1.2\apiguardian-api-1.1.2.jar;C:\Users\Carolina Lee\.m2\repository\org\junit\platform\junit-platform-launcher\1.10.1\junit-platform-launcher-1.10.1.jar;C:\Users\Carolina Lee\.m2\repository\org\junit\platform\junit-platform-engine\1.10.1\junit-platform-engine-1.10.1.jar;C:\Users\Carolina Lee\.m2\repository\org\junit\platform\junit-platform-commons\1.10.1\junit-platform-commons-1.10.1.jar;C:\Users\Carolina Lee\.m2\repository\org\testfx\testfx-junit5\4.0.15-alpha\testfx-junit5-4.0.15-alpha.jar;C:\Users\Carolina Lee\.m2\repository\org\testfx\testfx-core\4.0.15-alpha\testfx-core-4.0.15-alpha.jar;C:\Users\Carolina Lee\.m2\repository\org\hamcrest\hamcrest-core\1.3\hamcrest-core-1.3.jar;C:\Users\Carolina Lee\.m2\repository\org\assertj\assertj-core\3.11.1\assertj-core-3.11.1.jar;C:\Users\Carolina Lee\.m2\repository\javazoom\jlayer\1.0.1\jlayer-1.0.1.jar;C:\Users\Carolina Lee\.m2\repository\org\openjfx\javafx-graphics\21.0.1\javafx-graphics-21.0.1.jar;C:\Users\Carolina Lee\.m2\repository\org\openjfx\javafx-graphics\21.0.1\javafx-graphics-21.0.1-win.jar;C:\Users\Carolina Lee\.m2\repository\org\openjfx\javafx-base\21.0.1\javafx-base-21.0.1.jar;C:\Users\Carolina Lee\.m2\repository\org\openjfx\javafx-base\21.0.1\javafx-base-21.0.1-win.jar;C:\Users\Carolina Lee\.m2\repository\org\openjfx\javafx-controls\21.0.1\javafx-controls-21.0.1.jar;C:\Users\Carolina Lee\.m2\repository\org\openjfx\javafx-controls\21.0.1\javafx-controls-21.0.1-win.jar;C:\Users\Carolina Lee\.m2\repository\org\openjfx\javafx-media\21.0.1\javafx-media-21.0.1.jar;C:\Users\Carolina Lee\.m2\repository\org\openjfx\javafx-media\21.0.1\javafx-media-21.0.1-win.jar;C:\Users\Carolina Lee\.m2\repository\org\openjfx\javafx-fxml\22-ea+16\javafx-fxml-22-ea+16.jar;C:\Users\Carolina Lee\.m2\repository\org\openjfx\javafx-fxml\22-ea+16\javafx-fxml-22-ea+16-win.jar;C:\Users\Carolina Lee\.m2\repository\org\openjfx\javafx-swing\22-ea+16\javafx-swing-22-ea+16.jar;C:\Users\Carolina Lee\.m2\repository\org\openjfx\javafx-swing\22-ea+16\javafx-swing-22-ea+16-win.jar;"/>
    <property name="sun.cpu.endian" value="little"/>
    <property name="user.home" value="C:\Users\Carolina Lee"/>
    <property name="user.language" value="en"/>
    <property name="java.specification.vendor" value="Oracle Corporation"/>
    <property name="java.version.date" value="2023-10-17"/>
    <property name="java.home" value="C:\Program Files\Java\jdk-21"/>
    <property name="file.separator" value="\"/>
    <property name="basedir" value="C:\Users\Carolina Lee\OneDrive\Documents\Programming\IntelliJ\CW1Setup"/>
    <property name="java.vm.compressedOopsMode" value="32-bit"/>
    <property name="line.separator" value="&#10;"/>
    <property name="java.vm.specification.vendor" value="Oracle Corporation"/>
    <property name="java.specification.name" value="Java Platform API Specification"/>
    <property name="surefire.real.class.path" value="C:\Users\Carolina Lee\AppData\Local\Temp\surefire13549603568811788260\surefirebooter-20231218111855613_3.jar"/>
    <property name="user.script" value=""/>
    <property name="sun.management.compiler" value="HotSpot 64-Bit Tiered Compilers"/>
    <property name="java.runtime.version" value="21.0.1+12-LTS-29"/>
    <property name="user.name" value="Carolina Lee"/>
    <property name="stdout.encoding" value="Cp1252"/>
    <property name="path.separator" value=";"/>
    <property name="os.version" value="10.0"/>
    <property name="java.runtime.name" value="Java(TM) SE Runtime Environment"/>
    <property name="file.encoding" value="UTF-8"/>
    <property name="java.vm.name" value="Java HotSpot(TM) 64-Bit Server VM"/>
    <property name="localRepository" value="C:\Users\Carolina Lee\.m2\repository"/>
    <property name="java.vendor.url.bug" value="https://bugreport.java.com/bugreport/"/>
    <property name="java.io.tmpdir" value="C:\Users\CAROLI~1\AppData\Local\Temp\"/>
    <property name="java.version" value="21.0.1"/>
    <property name="user.dir" value="C:\Users\Carolina Lee\OneDrive\Documents\Programming\IntelliJ\CW1Setup"/>
    <property name="os.arch" value="amd64"/>
    <property name="java.vm.specification.name" value="Java Virtual Machine Specification"/>
    <property name="sun.os.patch.level" value=""/>
    <property name="native.encoding" value="Cp1252"/>
    <property name="java.library.path" value="C:\Program Files\Java\jdk-21\bin;C:\WINDOWS\Sun\Java\bin;C:\WINDOWS\system32;C:\WINDOWS;C:\Program Files\Common Files\Oracle\Java\javapath;C:\Program Files (x86)\Common Files\Oracle\Java\javapath;C:\MinGW\bin;C:\Program Files\CodeBlocks\MinGW;C:\WINDOWS\system32;C:\WINDOWS;C:\WINDOWS\System32\Wbem;C:\WINDOWS\System32\WindowsPowerShell\v1.0\;C:\WINDOWS\System32\OpenSSH\;C:\Program Files\Git\cmd;C:\Users\Carolina Lee\OneDrive\Desktop\nand2tetris;C:\Program Files\nodejs\;C:\Program Files\PuTTY\;C:\Program Files\Docker\Docker\resources\bin;C:\Program Files\PowerShell\7\;C:\Users\Carolina Lee\.elan\bin;C:\Users\Carolina Lee\AppData\Local\Microsoft\WindowsApps;C:\Program Files\Psycho???????;C:\Users\Carolina Lee\AppData\Local\Programs\Microsoft VS Code\bin;C:\Users\Carolina Lee\AppData\Roaming\npm;C:\ghcup\bin;C:\Users\Carolina Lee\AppData\Local\GitHubDesktop\bin;C:\Users\Carolina Lee\Downloads\apache-maven-3.9.5-bin\apache-maven-3.9.5\bin;;."/>
    <property name="java.vm.info" value="mixed mode, sharing"/>
    <property name="stderr.encoding" value="Cp1252"/>
    <property name="java.vendor" value="Oracle Corporation"/>
    <property name="java.vm.version" value="21.0.1+12-LTS-29"/>
    <property name="sun.io.unicode.encoding" value="UnicodeLittle"/>
    <property name="java.class.version" value="65.0"/>
  </properties>
  <testcase name="snakeMovesRightForRightControls" classname="example.SnakeTest" time="0.003"/>
  <testcase name="snakeMovesDownForRightControls" classname="example.SnakeTest" time="0.003"/>
  <testcase name="snakeMovesRightForLeftControls" classname="example.SnakeTest" time="0.002"/>
  <testcase name="snakeMovesLeftForRightControls" classname="example.SnakeTest" time="0.002"/>
  <testcase name="snakeMovesLeftForLeftControls" classname="example.SnakeTest" time="0.001"/>
  <testcase name="snakeMovesUpForRightControls" classname="example.SnakeTest" time="0.002"/>
  <testcase name="snakeMovesUpForLeftControls" classname="example.SnakeTest" time="0.001"/>
  <testcase name="snakeMovesDownForLeftControls" classname="example.SnakeTest" time="0.002"/>
  <testcase name="snakeDiesWhenOutOfBounds" classname="example.SnakeTest" time="0.002"/>
  <testcase name="snakeEatsBody" classname="example.SnakeTest" time="0.001"/>
</testsuite>